MIF/HEX Update report for DE10_Nano_HDMI_TX
Wed May 26 16:27:07 2021
Quartus Prime Version 20.1.0 Build 711 06/05/2020 SJ Lite Edition


---------------------
; Table of Contents ;
---------------------
  1. Legal Notice
  2. MIF/HEX Update Summary
  3. MIF/HEX Update Processed Files
  4. MIF/HEX Update Messages



----------------
; Legal Notice ;
----------------
Copyright (C) 2020  Intel Corporation. All rights reserved.
Your use of Intel Corporation's design tools, logic functions 
and other software and tools, and any partner logic 
functions, and any output files from any of the foregoing 
(including device programming or simulation files), and any 
associated documentation or information are expressly subject 
to the terms and conditions of the Intel Program License 
Subscription Agreement, the Intel Quartus Prime License Agreement,
the Intel FPGA IP License Agreement, or other applicable license
agreement, including, without limitation, that your use is for
the sole purpose of programming logic devices manufactured by
Intel and sold by Intel or its authorized distributors.  Please
refer to the applicable agreement for further details, at
https://fpgasoftware.intel.com/eula.



+-----------------------------------------------------------+
; MIF/HEX Update Summary                                    ;
+-----------------------+-----------------------------------+
; MIF/HEX Update Status ; Failed - Wed May 26 16:27:07 2021 ;
; Revision Name         ; DE10_Nano_HDMI_TX                 ;
; Top-level Entity Name ; DE10_Nano_HDMI_TX                 ;
; Family                ; Cyclone V                         ;
; Device                ; 5CSEBA6U23I7                      ;
+-----------------------+-----------------------------------+


+--------------------------------+
; MIF/HEX Update Processed Files ;
+--------------------------------+
; File Name                      ;
+--------------------------------+


+-------------------------+
; MIF/HEX Update Messages ;
+-------------------------+
Warning (125092): Tcl Script File RAMinit.qip not found
    Info (125063): set_global_assignment -name QIP_FILE RAMinit.qip
Info: *******************************************************************
Info: Running Quartus Prime MIF/HEX Update
    Info: Version 20.1.0 Build 711 06/05/2020 SJ Lite Edition
    Info: Processing started: Wed May 26 16:27:01 2021
Info: Command: quartus_cdb DE10_Nano_HDMI_TX -c DE10_Nano_HDMI_TX --update_mif
Warning (18236): Number of processors has not been specified which may cause overloading on shared machines.  Set the global assignment NUM_PARALLEL_PROCESSORS in your QSF to an appropriate value for best performance.
Warning (39023): Can't find Memory Initialization File copper_640_480.mif -- skipped updates for this file
Error (39022): Found no valid Memory Initialization File to process
Error: Quartus Prime MIF/HEX Update was unsuccessful. 1 error, 3 warnings
    Error: Peak virtual memory: 4886 megabytes
    Error: Processing ended: Wed May 26 16:27:07 2021
    Error: Elapsed time: 00:00:06
    Error: Total CPU time (on all processors): 00:00:06


