Flow report for DE10_NANO_D8M_RTL
Tue Jun 01 23:20:35 2021
Quartus Prime Version 20.1.0 Build 711 06/05/2020 SJ Lite Edition


---------------------
; Table of Contents ;
---------------------
  1. Legal Notice
  2. Flow Summary
  3. Flow Settings
  4. Flow Non-Default Global Settings
  5. Flow Elapsed Time
  6. Flow OS Summary
  7. Flow Log
  8. Flow Messages
  9. Flow Suppressed Messages



----------------
; Legal Notice ;
----------------
Copyright (C) 2020  Intel Corporation. All rights reserved.
Your use of Intel Corporation's design tools, logic functions 
and other software and tools, and any partner logic 
functions, and any output files from any of the foregoing 
(including device programming or simulation files), and any 
associated documentation or information are expressly subject 
to the terms and conditions of the Intel Program License 
Subscription Agreement, the Intel Quartus Prime License Agreement,
the Intel FPGA IP License Agreement, or other applicable license
agreement, including, without limitation, that your use is for
the sole purpose of programming logic devices manufactured by
Intel and sold by Intel or its authorized distributors.  Please
refer to the applicable agreement for further details, at
https://fpgasoftware.intel.com/eula.



+-------------------------------------------------------------------------------+
; Flow Summary                                                                  ;
+---------------------------------+---------------------------------------------+
; Flow Status                     ; Successful - Tue Jun 01 23:20:13 2021       ;
; Quartus Prime Version           ; 20.1.0 Build 711 06/05/2020 SJ Lite Edition ;
; Revision Name                   ; DE10_NANO_D8M_RTL                           ;
; Top-level Entity Name           ; DE10_NANO_D8M_RTL                           ;
; Family                          ; Cyclone V                                   ;
; Device                          ; 5CSEBA6U23I7                                ;
; Timing Models                   ; Final                                       ;
; Logic utilization (in ALMs)     ; 2,005 / 41,910 ( 5 % )                      ;
; Total registers                 ; 1755                                        ;
; Total pins                      ; 74 / 314 ( 24 % )                           ;
; Total virtual pins              ; 0                                           ;
; Total block memory bits         ; 3,133,440 / 5,662,720 ( 55 % )              ;
; Total DSP Blocks                ; 2 / 112 ( 2 % )                             ;
; Total HSSI RX PCSs              ; 0                                           ;
; Total HSSI PMA RX Deserializers ; 0                                           ;
; Total HSSI TX PCSs              ; 0                                           ;
; Total HSSI PMA TX Serializers   ; 0                                           ;
; Total PLLs                      ; 2 / 6 ( 33 % )                              ;
; Total DLLs                      ; 0 / 4 ( 0 % )                               ;
+---------------------------------+---------------------------------------------+


+-----------------------------------------+
; Flow Settings                           ;
+-------------------+---------------------+
; Option            ; Setting             ;
+-------------------+---------------------+
; Start date & time ; 06/01/2021 23:15:47 ;
; Main task         ; Compilation         ;
; Revision Name     ; DE10_NANO_D8M_RTL   ;
+-------------------+---------------------+


+-------------------------------------------------------------------------------------------------------------------------+
; Flow Non-Default Global Settings                                                                                        ;
+-------------------------------------+----------------------------------------+---------------+-------------+------------+
; Assignment Name                     ; Value                                  ; Default Value ; Entity Name ; Section Id ;
+-------------------------------------+----------------------------------------+---------------+-------------+------------+
; COMPILER_SIGNATURE_ID               ; 154027290349707.162260734746724        ; --            ; --          ; --         ;
; MAX_CORE_JUNCTION_TEMP              ; 100                                    ; --            ; --          ; --         ;
; MIN_CORE_JUNCTION_TEMP              ; -40                                    ; --            ; --          ; --         ;
; MISC_FILE                           ; V_D8M/FRAM_BUFF_bb.v                   ; --            ; --          ; --         ;
; MISC_FILE                           ; V/VIDEO_PLL.cmp                        ; --            ; --          ; --         ;
; MISC_FILE                           ; V/VIDEO_PLL_sim/VIDEO_PLL.vo           ; --            ; --          ; --         ;
; MISC_FILE                           ; V/AUDIO_PLL.cmp                        ; --            ; --          ; --         ;
; MISC_FILE                           ; V/AUDIO_PLL_sim/AUDIO_PLL.vo           ; --            ; --          ; --         ;
; PARTITION_COLOR                     ; -- (Not supported for targeted family) ; --            ; --          ; Top        ;
; PARTITION_FITTER_PRESERVATION_LEVEL ; -- (Not supported for targeted family) ; --            ; --          ; Top        ;
; PARTITION_NETLIST_TYPE              ; -- (Not supported for targeted family) ; --            ; --          ; Top        ;
; POWER_BOARD_THERMAL_MODEL           ; None (CONSERVATIVE)                    ; --            ; --          ; --         ;
; POWER_PRESET_COOLING_SOLUTION       ; 23 MM HEAT SINK WITH 200 LFPM AIRFLOW  ; --            ; --          ; --         ;
; PROJECT_OUTPUT_DIRECTORY            ; output_files                           ; --            ; --          ; --         ;
; SPD_FILE                            ; V/VIDEO_PLL.spd                        ; --            ; --          ; --         ;
; SPD_FILE                            ; V/AUDIO_PLL.spd                        ; --            ; --          ; --         ;
; SYNTHESIS_ONLY_QIP                  ; On                                     ; --            ; --          ; --         ;
; SYNTHESIS_ONLY_QIP                  ; On                                     ; --            ; --          ; --         ;
+-------------------------------------+----------------------------------------+---------------+-------------+------------+


+--------------------------------------------------------------------------------------------------------------------------+
; Flow Elapsed Time                                                                                                        ;
+----------------------+--------------+-------------------------+---------------------+------------------------------------+
; Module Name          ; Elapsed Time ; Average Processors Used ; Peak Virtual Memory ; Total CPU Time (on all processors) ;
+----------------------+--------------+-------------------------+---------------------+------------------------------------+
; Analysis & Synthesis ; 00:01:04     ; 1.0                     ; 5002 MB             ; 00:01:10                           ;
; Fitter               ; 00:02:55     ; 1.2                     ; 6908 MB             ; 00:08:43                           ;
; Assembler            ; 00:00:17     ; 1.0                     ; 4932 MB             ; 00:00:10                           ;
; Timing Analyzer      ; 00:00:20     ; 2.5                     ; 5447 MB             ; 00:00:40                           ;
; Total                ; 00:04:36     ; --                      ; --                  ; 00:10:43                           ;
+----------------------+--------------+-------------------------+---------------------+------------------------------------+


+------------------------------------------------------------------------------------+
; Flow OS Summary                                                                    ;
+----------------------+------------------+------------+------------+----------------+
; Module Name          ; Machine Hostname ; OS Name    ; OS Version ; Processor type ;
+----------------------+------------------+------------+------------+----------------+
; Analysis & Synthesis ; leg-ion          ; Windows 10 ; 10.0       ; x86_64         ;
; Fitter               ; leg-ion          ; Windows 10 ; 10.0       ; x86_64         ;
; Assembler            ; leg-ion          ; Windows 10 ; 10.0       ; x86_64         ;
; Timing Analyzer      ; leg-ion          ; Windows 10 ; 10.0       ; x86_64         ;
+----------------------+------------------+------------+------------+----------------+


------------
; Flow Log ;
------------
quartus_map --read_settings_files=on --write_settings_files=off DE10_NANO_D8M_RTL -c DE10_NANO_D8M_RTL
quartus_fit --read_settings_files=off --write_settings_files=off DE10_NANO_D8M_RTL -c DE10_NANO_D8M_RTL
quartus_asm --read_settings_files=off --write_settings_files=off DE10_NANO_D8M_RTL -c DE10_NANO_D8M_RTL
quartus_sta DE10_NANO_D8M_RTL -c DE10_NANO_D8M_RTL



